<?xml version="1.0" encoding="UTF-8"?>
<!-- Generated by org.testng.reporters.JUnitReportReporter -->
<testsuite hostname="TIBCO-R913PSR4" failures="0" tests="4" name="com.api.tests.bookertest" time="10.561" errors="0" timestamp="2024-01-09T14:53:35 IST" skipped="0">
  <testcase classname="com.api.tests.bookertest" name="createbookingtest" time="4.188"/>
  <system-out/>
  <testcase classname="com.api.tests.bookertest" name="updatebookingtest" time="2.551"/>
  <system-out/>
  <testcase classname="com.api.tests.bookertest" name="getbookertest" time="1.255"/>
  <system-out/>
  <testcase classname="com.api.tests.bookertest" name="deletebookingtest" time="2.567"/>
  <system-out/>
</testsuite> <!-- com.api.tests.bookertest -->
